<?xml version="1.0" encoding="UTF-8"?>
<!-- Generated by org.testng.reporters.JUnitReportReporter -->
<testsuite hostname="DESKTOP-QQFNKE1" failures="0" tests="1" name="CollectionsPractice.Practice" time="0.010" errors="0" timestamp="2023-03-29T17:21:33 IST" skipped="0">
  <testcase classname="CollectionsPractice.Practice" name="m1" time="0.010"/>
  <system-out/>
</testsuite> <!-- CollectionsPractice.Practice -->
